<14>1 2022-02-22T17:25:00.391Z - - 2150 - - DEBUG: (Model Converter) Schema file input: ../../ICDC/icdc-model-tool/model-desc/icdc-model.yml
<14>1 2022-02-22T17:25:00.392Z - - 2150 - - DEBUG: (Model Converter) Schema file input: ../../ICDC/icdc-model-tool/model-desc/icdc-model-props.yml
<14>1 2022-02-22T17:25:00.392Z - - 2150 - - DEBUG: (Model Converter) Properties file input: ../../ICDC/icdc-dataloader/config/props-icdc-pmvp.yml
<14>1 2022-02-22T17:25:00.392Z - - 2150 - - DEBUG: (Model Converter) Query file input: ./graphql/icdc_queries.graphql
<14>1 2022-02-22T17:25:00.392Z - - 2150 - - DEBUG: (Model Converter) Specified output file: ./graphql/icdc.graphql
<14>1 2022-02-22T17:25:00.399Z - - 2150 - - INFO: (Model Converter) Properties successfully initialized
<14>1 2022-02-22T17:25:00.400Z - - 2150 - - INFO: (ICDC Schema) Reading schema file: ../../ICDC/icdc-model-tool/model-desc/icdc-model.yml ...
<14>1 2022-02-22T17:25:00.478Z - - 2150 - - INFO: (ICDC Schema) Reading schema file: ../../ICDC/icdc-model-tool/model-desc/icdc-model-props.yml ...
<14>1 2022-02-22T17:25:00.605Z - - 2150 - - DEBUG: (ICDC Schema) -------------processing nodes-----------------
<14>1 2022-02-22T17:25:00.606Z - - 2150 - - DEBUG: (ICDC Schema) -------------processing edges-----------------
<14>1 2022-02-22T17:25:00.606Z - - 2150 - - DEBUG: (ICDC Schema) End point multiplier: "one_to_one" overriding relationship multiplier: "many_to_one"
<14>1 2022-02-22T17:25:00.606Z - - 2150 - - DEBUG: (ICDC Schema) End point multiplier: "one_to_one" overriding relationship multiplier: "many_to_one"
<14>1 2022-02-22T17:25:00.606Z - - 2150 - - DEBUG: (ICDC Schema) End point multiplier: "many_to_many" overriding relationship multiplier: "many_to_one"
<14>1 2022-02-22T17:25:00.606Z - - 2150 - - DEBUG: (ICDC Schema) End point multiplier: "many_to_one" overriding relationship multiplier: "many_to_many"
<14>1 2022-02-22T17:25:00.606Z - - 2150 - - DEBUG: (ICDC Schema) End point multiplier: "many_to_one" overriding relationship multiplier: "many_to_many"
<14>1 2022-02-22T17:25:00.606Z - - 2150 - - DEBUG: (ICDC Schema) End point multiplier: "many_to_one" overriding relationship multiplier: "many_to_many"
<14>1 2022-02-22T17:25:00.606Z - - 2150 - - DEBUG: (ICDC Schema) End point multiplier: "many_to_one" overriding relationship multiplier: "many_to_many"
<14>1 2022-02-22T17:25:00.606Z - - 2150 - - INFO: (Model Converter) Schema successfully initialized
<14>1 2022-02-22T17:25:00.606Z - - 2150 - - INFO: (Model Converter) Types: 33, Relationships: 49
<14>1 2022-02-22T17:25:00.611Z - - 2150 - - INFO: (Model Converter) GraphQL schema successfully generated
<14>1 2022-02-22T17:25:00.615Z - - 2150 - - INFO: (Model Converter) Schema documentation file successfully generated
<14>1 2022-02-22T17:25:00.615Z - - 2150 - - INFO: (Model Converter) Conversion complete
