<14>1 2021-08-12T14:48:42.120Z - - 63296 - - DEBUG: (Model Converter) Schema file input: ../../ICDC/icdc-model-tool/model-desc/icdc-model.yml
<14>1 2021-08-12T14:48:42.120Z - - 63296 - - DEBUG: (Model Converter) Schema file input: ../../ICDC/icdc-model-tool/model-desc/icdc-model-props.yml
<14>1 2021-08-12T14:48:42.120Z - - 63296 - - DEBUG: (Model Converter) Properties file input: ../../ICDC/icdc-dataloader/config/props-icdc-pmvp.yml
<14>1 2021-08-12T14:48:42.120Z - - 63296 - - DEBUG: (Model Converter) Query file input: graphql/icdc_queries.graphql
<14>1 2021-08-12T14:48:42.120Z - - 63296 - - DEBUG: (Model Converter) Specified output file: graphql/icdc.graphql
<14>1 2021-08-12T14:48:42.129Z - - 63296 - - INFO: (Model Converter) Properties successfully initialized
<14>1 2021-08-12T14:48:42.129Z - - 63296 - - INFO: (ICDC Schema) Reading schema file: ../../ICDC/icdc-model-tool/model-desc/icdc-model.yml ...
<14>1 2021-08-12T14:48:42.180Z - - 63296 - - INFO: (ICDC Schema) Reading schema file: ../../ICDC/icdc-model-tool/model-desc/icdc-model-props.yml ...
<14>1 2021-08-12T14:48:42.302Z - - 63296 - - DEBUG: (ICDC Schema) -------------processing nodes-----------------
<14>1 2021-08-12T14:48:42.303Z - - 63296 - - DEBUG: (ICDC Schema) -------------processing edges-----------------
<14>1 2021-08-12T14:48:42.303Z - - 63296 - - DEBUG: (ICDC Schema) End point multiplier: "one_to_one" overriding relationship multiplier: "many_to_one"
<14>1 2021-08-12T14:48:42.303Z - - 63296 - - DEBUG: (ICDC Schema) End point multiplier: "one_to_one" overriding relationship multiplier: "many_to_one"
<14>1 2021-08-12T14:48:42.304Z - - 63296 - - DEBUG: (ICDC Schema) End point multiplier: "many_to_many" overriding relationship multiplier: "many_to_one"
<14>1 2021-08-12T14:48:42.304Z - - 63296 - - DEBUG: (ICDC Schema) End point multiplier: "many_to_one" overriding relationship multiplier: "many_to_many"
<14>1 2021-08-12T14:48:42.304Z - - 63296 - - DEBUG: (ICDC Schema) End point multiplier: "many_to_one" overriding relationship multiplier: "many_to_many"
<14>1 2021-08-12T14:48:42.304Z - - 63296 - - DEBUG: (ICDC Schema) End point multiplier: "many_to_one" overriding relationship multiplier: "many_to_many"
<14>1 2021-08-12T14:48:42.304Z - - 63296 - - DEBUG: (ICDC Schema) End point multiplier: "many_to_one" overriding relationship multiplier: "many_to_many"
<14>1 2021-08-12T14:48:42.304Z - - 63296 - - INFO: (Model Converter) Schema successfully initialized
<14>1 2021-08-12T14:48:42.304Z - - 63296 - - INFO: (Model Converter) Types: 32, Relationships: 48
<14>1 2021-08-12T14:48:42.307Z - - 63296 - - INFO: (Model Converter) GraphQL schema successfully generated
<14>1 2021-08-12T14:48:42.310Z - - 63296 - - INFO: (Model Converter) Schema documentation file successfully generated
<14>1 2021-08-12T14:48:42.310Z - - 63296 - - INFO: (Model Converter) Conversion complete
